[2024-03-31T18:02:50.079+0000] {taskinstance.py:1979} INFO - Dependencies all met for dep_context=non-requeueable deps ti=<TaskInstance: chapter4_stocksense_bashoperator.get_data scheduled__2024-03-30T19:00:00+00:00 [queued]>
[2024-03-31T18:02:50.086+0000] {taskinstance.py:1979} INFO - Dependencies all met for dep_context=requeueable deps ti=<TaskInstance: chapter4_stocksense_bashoperator.get_data scheduled__2024-03-30T19:00:00+00:00 [queued]>
[2024-03-31T18:02:50.087+0000] {taskinstance.py:2193} INFO - Starting attempt 1 of 1
[2024-03-31T18:02:50.100+0000] {taskinstance.py:2217} INFO - Executing <Task(BashOperator): get_data> on 2024-03-30 19:00:00+00:00
[2024-03-31T18:02:50.105+0000] {standard_task_runner.py:60} INFO - Started process 1872 to run task
[2024-03-31T18:02:50.108+0000] {standard_task_runner.py:87} INFO - Running: ['***', 'tasks', 'run', 'chapter4_stocksense_bashoperator', 'get_data', 'scheduled__2024-03-30T19:00:00+00:00', '--job-id', '81', '--raw', '--subdir', 'DAGS_FOLDER/pages_dag.py', '--cfg-path', '/tmp/tmpsxxwpe5g']
[2024-03-31T18:02:50.110+0000] {standard_task_runner.py:88} INFO - Job 81: Subtask get_data
[2024-03-31T18:02:50.149+0000] {task_command.py:423} INFO - Running <TaskInstance: chapter4_stocksense_bashoperator.get_data scheduled__2024-03-30T19:00:00+00:00 [running]> on host f8f92d4c9559
[2024-03-31T18:02:50.185+0000] {warnings.py:109} WARNING - /home/***/.local/lib/python3.8/site-packages/***/utils/context.py:207: AirflowContextDeprecationWarning: Accessing 'execution_date' from the template is deprecated and will be removed in a future version. Please use 'data_interval_start' or 'logical_date' instead.
  warnings.warn(_create_deprecation_warning(key, self._deprecation_replacements[key]))

[2024-03-31T18:02:50.216+0000] {taskinstance.py:2513} INFO - Exporting env vars: AIRFLOW_CTX_DAG_OWNER='***' AIRFLOW_CTX_DAG_ID='chapter4_stocksense_bashoperator' AIRFLOW_CTX_TASK_ID='get_data' AIRFLOW_CTX_EXECUTION_DATE='2024-03-30T19:00:00+00:00' AIRFLOW_CTX_TRY_NUMBER='1' AIRFLOW_CTX_DAG_RUN_ID='scheduled__2024-03-30T19:00:00+00:00'
[2024-03-31T18:02:50.220+0000] {subprocess.py:63} INFO - Tmp dir root location: /tmp
[2024-03-31T18:02:50.222+0000] {subprocess.py:75} INFO - Running command: ['/usr/bin/bash', '-c', 'curl -o /opt/***/wikipageviews.gz https://dumps.wikimedia.org/other/pageviews/2024/2024-pageviews-20240330-190000.gz']
[2024-03-31T18:02:50.234+0000] {subprocess.py:86} INFO - Output:
[2024-03-31T18:02:50.242+0000] {subprocess.py:93} INFO -   % Total    % Received % Xferd  Average Speed   Time    Time     Time  Current
[2024-03-31T18:02:50.243+0000] {subprocess.py:93} INFO -                                  Dload  Upload   Total   Spent    Left  Speed
[2024-03-31T18:02:50.587+0000] {subprocess.py:93} INFO -   0     0    0     0    0     0      0      0 --:--:-- --:--:-- --:--:--     0100   153  100   153    0     0    442      0 --:--:-- --:--:-- --:--:--   443
[2024-03-31T18:02:50.590+0000] {subprocess.py:97} INFO - Command exited with return code 0
[2024-03-31T18:02:50.612+0000] {taskinstance.py:1149} INFO - Marking task as SUCCESS. dag_id=chapter4_stocksense_bashoperator, task_id=get_data, execution_date=20240330T190000, start_date=20240331T180250, end_date=20240331T180250
[2024-03-31T18:02:50.641+0000] {local_task_job_runner.py:234} INFO - Task exited with return code 0
[2024-03-31T18:02:50.652+0000] {taskinstance.py:3312} INFO - 0 downstream tasks scheduled from follow-on schedule check
