[2024-03-31T18:38:34.847+0000] {taskinstance.py:1979} INFO - Dependencies all met for dep_context=non-requeueable deps ti=<TaskInstance: chapter4_stocksense_bashoperator.extract_gz manual__2024-03-31T18:38:34.067007+00:00 [queued]>
[2024-03-31T18:38:34.852+0000] {taskinstance.py:1979} INFO - Dependencies all met for dep_context=requeueable deps ti=<TaskInstance: chapter4_stocksense_bashoperator.extract_gz manual__2024-03-31T18:38:34.067007+00:00 [queued]>
[2024-03-31T18:38:34.852+0000] {taskinstance.py:2193} INFO - Starting attempt 1 of 1
[2024-03-31T18:38:34.860+0000] {taskinstance.py:2217} INFO - Executing <Task(BashOperator): extract_gz> on 2024-03-31 18:38:34.067007+00:00
[2024-03-31T18:38:34.864+0000] {standard_task_runner.py:60} INFO - Started process 2549 to run task
[2024-03-31T18:38:34.865+0000] {standard_task_runner.py:87} INFO - Running: ['***', 'tasks', 'run', 'chapter4_stocksense_bashoperator', 'extract_gz', 'manual__2024-03-31T18:38:34.067007+00:00', '--job-id', '111', '--raw', '--subdir', 'DAGS_FOLDER/pages_dag.py', '--cfg-path', '/tmp/tmpe1vhhhlv']
[2024-03-31T18:38:34.867+0000] {standard_task_runner.py:88} INFO - Job 111: Subtask extract_gz
[2024-03-31T18:38:34.893+0000] {task_command.py:423} INFO - Running <TaskInstance: chapter4_stocksense_bashoperator.extract_gz manual__2024-03-31T18:38:34.067007+00:00 [running]> on host f8f92d4c9559
[2024-03-31T18:38:34.937+0000] {taskinstance.py:2513} INFO - Exporting env vars: AIRFLOW_CTX_DAG_OWNER='***' AIRFLOW_CTX_DAG_ID='chapter4_stocksense_bashoperator' AIRFLOW_CTX_TASK_ID='extract_gz' AIRFLOW_CTX_EXECUTION_DATE='2024-03-31T18:38:34.067007+00:00' AIRFLOW_CTX_TRY_NUMBER='1' AIRFLOW_CTX_DAG_RUN_ID='manual__2024-03-31T18:38:34.067007+00:00'
[2024-03-31T18:38:34.939+0000] {subprocess.py:63} INFO - Tmp dir root location: /tmp
[2024-03-31T18:38:34.939+0000] {subprocess.py:75} INFO - Running command: ['/usr/bin/bash', '-c', 'gunzip --force /opt/***/data/wikipageviews.gz']
[2024-03-31T18:38:34.946+0000] {subprocess.py:86} INFO - Output:
[2024-03-31T18:38:34.948+0000] {subprocess.py:93} INFO - gzip: /opt/***/data/wikipageviews.gz: No such file or directory
[2024-03-31T18:38:34.949+0000] {subprocess.py:97} INFO - Command exited with return code 1
[2024-03-31T18:38:34.955+0000] {taskinstance.py:2731} ERROR - Task failed with exception
Traceback (most recent call last):
  File "/home/airflow/.local/lib/python3.8/site-packages/airflow/models/taskinstance.py", line 444, in _execute_task
    result = _execute_callable(context=context, **execute_callable_kwargs)
  File "/home/airflow/.local/lib/python3.8/site-packages/airflow/models/taskinstance.py", line 414, in _execute_callable
    return execute_callable(context=context, **execute_callable_kwargs)
  File "/home/airflow/.local/lib/python3.8/site-packages/airflow/operators/bash.py", line 212, in execute
    raise AirflowException(
airflow.exceptions.AirflowException: Bash command failed. The command returned a non-zero exit code 1.
[2024-03-31T18:38:34.957+0000] {taskinstance.py:1149} INFO - Marking task as FAILED. dag_id=chapter4_stocksense_bashoperator, task_id=extract_gz, execution_date=20240331T183834, start_date=20240331T183834, end_date=20240331T183834
[2024-03-31T18:38:34.964+0000] {standard_task_runner.py:107} ERROR - Failed to execute job 111 for task extract_gz (Bash command failed. The command returned a non-zero exit code 1.; 2549)
[2024-03-31T18:38:34.997+0000] {local_task_job_runner.py:234} INFO - Task exited with return code 1
[2024-03-31T18:38:35.007+0000] {taskinstance.py:3312} INFO - 0 downstream tasks scheduled from follow-on schedule check
