[2024-03-31T18:02:34.101+0000] {taskinstance.py:1979} INFO - Dependencies all met for dep_context=non-requeueable deps ti=<TaskInstance: chapter4_stocksense_bashoperator.get_data scheduled__2024-03-29T00:00:00+00:00 [queued]>
[2024-03-31T18:02:34.108+0000] {taskinstance.py:1979} INFO - Dependencies all met for dep_context=requeueable deps ti=<TaskInstance: chapter4_stocksense_bashoperator.get_data scheduled__2024-03-29T00:00:00+00:00 [queued]>
[2024-03-31T18:02:34.108+0000] {taskinstance.py:2193} INFO - Starting attempt 1 of 1
[2024-03-31T18:02:34.120+0000] {taskinstance.py:2217} INFO - Executing <Task(BashOperator): get_data> on 2024-03-29 00:00:00+00:00
[2024-03-31T18:02:34.125+0000] {standard_task_runner.py:60} INFO - Started process 1648 to run task
[2024-03-31T18:02:34.127+0000] {standard_task_runner.py:87} INFO - Running: ['***', 'tasks', 'run', 'chapter4_stocksense_bashoperator', 'get_data', 'scheduled__2024-03-29T00:00:00+00:00', '--job-id', '38', '--raw', '--subdir', 'DAGS_FOLDER/pages_dag.py', '--cfg-path', '/tmp/tmpq4adt4qv']
[2024-03-31T18:02:34.129+0000] {standard_task_runner.py:88} INFO - Job 38: Subtask get_data
[2024-03-31T18:02:34.168+0000] {task_command.py:423} INFO - Running <TaskInstance: chapter4_stocksense_bashoperator.get_data scheduled__2024-03-29T00:00:00+00:00 [running]> on host f8f92d4c9559
[2024-03-31T18:02:34.215+0000] {warnings.py:109} WARNING - /home/***/.local/lib/python3.8/site-packages/***/utils/context.py:207: AirflowContextDeprecationWarning: Accessing 'execution_date' from the template is deprecated and will be removed in a future version. Please use 'data_interval_start' or 'logical_date' instead.
  warnings.warn(_create_deprecation_warning(key, self._deprecation_replacements[key]))

[2024-03-31T18:02:34.250+0000] {taskinstance.py:2513} INFO - Exporting env vars: AIRFLOW_CTX_DAG_OWNER='***' AIRFLOW_CTX_DAG_ID='chapter4_stocksense_bashoperator' AIRFLOW_CTX_TASK_ID='get_data' AIRFLOW_CTX_EXECUTION_DATE='2024-03-29T00:00:00+00:00' AIRFLOW_CTX_TRY_NUMBER='1' AIRFLOW_CTX_DAG_RUN_ID='scheduled__2024-03-29T00:00:00+00:00'
[2024-03-31T18:02:34.252+0000] {subprocess.py:63} INFO - Tmp dir root location: /tmp
[2024-03-31T18:02:34.253+0000] {subprocess.py:75} INFO - Running command: ['/usr/bin/bash', '-c', 'curl -o /opt/***/wikipageviews.gz https://dumps.wikimedia.org/other/pageviews/2024/2024-pageviews-20240329-000000.gz']
[2024-03-31T18:02:34.264+0000] {subprocess.py:86} INFO - Output:
[2024-03-31T18:02:34.271+0000] {subprocess.py:93} INFO -   % Total    % Received % Xferd  Average Speed   Time    Time     Time  Current
[2024-03-31T18:02:34.272+0000] {subprocess.py:93} INFO -                                  Dload  Upload   Total   Spent    Left  Speed
[2024-03-31T18:02:34.594+0000] {subprocess.py:93} INFO -   0     0    0     0    0     0      0      0 --:--:-- --:--:-- --:--:--     0100   153  100   153    0     0    473      0 --:--:-- --:--:-- --:--:--   473
[2024-03-31T18:02:34.596+0000] {subprocess.py:97} INFO - Command exited with return code 0
[2024-03-31T18:02:34.610+0000] {taskinstance.py:1149} INFO - Marking task as SUCCESS. dag_id=chapter4_stocksense_bashoperator, task_id=get_data, execution_date=20240329T000000, start_date=20240331T180234, end_date=20240331T180234
[2024-03-31T18:02:34.660+0000] {local_task_job_runner.py:234} INFO - Task exited with return code 0
[2024-03-31T18:02:34.669+0000] {taskinstance.py:3312} INFO - 0 downstream tasks scheduled from follow-on schedule check
