[2024-04-01T14:00:58.841+0000] {taskinstance.py:1979} INFO - Dependencies all met for dep_context=non-requeueable deps ti=<TaskInstance: chapter4_stocksense_bashoperator.write_to_postgres scheduled__2024-04-01T13:00:00+00:00 [queued]>
[2024-04-01T14:00:58.846+0000] {taskinstance.py:1979} INFO - Dependencies all met for dep_context=requeueable deps ti=<TaskInstance: chapter4_stocksense_bashoperator.write_to_postgres scheduled__2024-04-01T13:00:00+00:00 [queued]>
[2024-04-01T14:00:58.847+0000] {taskinstance.py:2193} INFO - Starting attempt 1 of 1
[2024-04-01T14:00:58.854+0000] {taskinstance.py:2217} INFO - Executing <Task(PostgresOperator): write_to_postgres> on 2024-04-01 13:00:00+00:00
[2024-04-01T14:00:58.858+0000] {standard_task_runner.py:60} INFO - Started process 2251 to run task
[2024-04-01T14:00:58.859+0000] {standard_task_runner.py:87} INFO - Running: ['***', 'tasks', 'run', 'chapter4_stocksense_bashoperator', 'write_to_postgres', 'scheduled__2024-04-01T13:00:00+00:00', '--job-id', '167', '--raw', '--subdir', 'DAGS_FOLDER/pages_dag.py', '--cfg-path', '/tmp/tmpzsxiaccg']
[2024-04-01T14:00:58.861+0000] {standard_task_runner.py:88} INFO - Job 167: Subtask write_to_postgres
[2024-04-01T14:00:58.887+0000] {task_command.py:423} INFO - Running <TaskInstance: chapter4_stocksense_bashoperator.write_to_postgres scheduled__2024-04-01T13:00:00+00:00 [running]> on host d7148197e99c
[2024-04-01T14:00:58.930+0000] {taskinstance.py:2513} INFO - Exporting env vars: AIRFLOW_CTX_DAG_OWNER='***' AIRFLOW_CTX_DAG_ID='chapter4_stocksense_bashoperator' AIRFLOW_CTX_TASK_ID='write_to_postgres' AIRFLOW_CTX_EXECUTION_DATE='2024-04-01T13:00:00+00:00' AIRFLOW_CTX_TRY_NUMBER='1' AIRFLOW_CTX_DAG_RUN_ID='scheduled__2024-04-01T13:00:00+00:00'
[2024-04-01T14:00:58.931+0000] {sql.py:276} INFO - Executing: INSERT INTO pageview_counts VALUES ('Apple', 38, '2024-04-01 13:00:00+00:00');
INSERT INTO pageview_counts VALUES ('Facebook', 404, '2024-04-01 13:00:00+00:00');
INSERT INTO pageview_counts VALUES ('Google', 420, '2024-04-01 13:00:00+00:00');
INSERT INTO pageview_counts VALUES ('Microsoft', 114, '2024-04-01 13:00:00+00:00');
INSERT INTO pageview_counts VALUES ('Amazon', 4, '2024-04-01 13:00:00+00:00');
[2024-04-01T14:00:58.935+0000] {base.py:83} INFO - Using connection ID 'my_postgres' for task execution.
[2024-04-01T14:00:58.940+0000] {base.py:83} INFO - Using connection ID 'my_postgres' for task execution.
[2024-04-01T14:00:58.942+0000] {sql.py:457} INFO - Running statement: INSERT INTO pageview_counts VALUES ('Apple', 38, '2024-04-01 13:00:00+00:00');
INSERT INTO pageview_counts VALUES ('Facebook', 404, '2024-04-01 13:00:00+00:00');
INSERT INTO pageview_counts VALUES ('Google', 420, '2024-04-01 13:00:00+00:00');
INSERT INTO pageview_counts VALUES ('Microsoft', 114, '2024-04-01 13:00:00+00:00');
INSERT INTO pageview_counts VALUES ('Amazon', 4, '2024-04-01 13:00:00+00:00');, parameters: None
[2024-04-01T14:00:58.943+0000] {sql.py:466} INFO - Rows affected: 1
[2024-04-01T14:00:58.943+0000] {warnings.py:109} WARNING - /home/***/.local/lib/python3.8/site-packages/***/providers/common/sql/hooks/sql.py:407: AirflowProviderDeprecationWarning: Call to deprecated method _make_common_data_structure. (The `_make_serializable` method is deprecated and support will be removed in a future version of the common.sql provider. Please update the DbApiHook's provider to a version based on common.sql >= 1.9.1.)
  result = self._make_common_data_structure(handler(cur))

[2024-04-01T14:00:58.950+0000] {taskinstance.py:1149} INFO - Marking task as SUCCESS. dag_id=chapter4_stocksense_bashoperator, task_id=write_to_postgres, execution_date=20240401T130000, start_date=20240401T140058, end_date=20240401T140058
[2024-04-01T14:00:58.991+0000] {local_task_job_runner.py:234} INFO - Task exited with return code 0
[2024-04-01T14:00:59.001+0000] {taskinstance.py:3312} INFO - 0 downstream tasks scheduled from follow-on schedule check
