[2024-04-01T13:00:36.606+0000] {taskinstance.py:1979} INFO - Dependencies all met for dep_context=non-requeueable deps ti=<TaskInstance: chapter4_stocksense_bashoperator.create_pet_table scheduled__2024-04-01T12:00:00+00:00 [queued]>
[2024-04-01T13:00:36.610+0000] {taskinstance.py:1979} INFO - Dependencies all met for dep_context=requeueable deps ti=<TaskInstance: chapter4_stocksense_bashoperator.create_pet_table scheduled__2024-04-01T12:00:00+00:00 [queued]>
[2024-04-01T13:00:36.611+0000] {taskinstance.py:2193} INFO - Starting attempt 1 of 1
[2024-04-01T13:00:36.618+0000] {taskinstance.py:2217} INFO - Executing <Task(PostgresOperator): create_pet_table> on 2024-04-01 12:00:00+00:00
[2024-04-01T13:00:36.622+0000] {standard_task_runner.py:60} INFO - Started process 1303 to run task
[2024-04-01T13:00:36.623+0000] {standard_task_runner.py:87} INFO - Running: ['***', 'tasks', 'run', 'chapter4_stocksense_bashoperator', 'create_pet_table', 'scheduled__2024-04-01T12:00:00+00:00', '--job-id', '161', '--raw', '--subdir', 'DAGS_FOLDER/pages_dag.py', '--cfg-path', '/tmp/tmp0kyxi8_y']
[2024-04-01T13:00:36.625+0000] {standard_task_runner.py:88} INFO - Job 161: Subtask create_pet_table
[2024-04-01T13:00:36.651+0000] {task_command.py:423} INFO - Running <TaskInstance: chapter4_stocksense_bashoperator.create_pet_table scheduled__2024-04-01T12:00:00+00:00 [running]> on host d7148197e99c
[2024-04-01T13:00:36.698+0000] {taskinstance.py:2513} INFO - Exporting env vars: AIRFLOW_CTX_DAG_OWNER='***' AIRFLOW_CTX_DAG_ID='chapter4_stocksense_bashoperator' AIRFLOW_CTX_TASK_ID='create_pet_table' AIRFLOW_CTX_EXECUTION_DATE='2024-04-01T12:00:00+00:00' AIRFLOW_CTX_TRY_NUMBER='1' AIRFLOW_CTX_DAG_RUN_ID='scheduled__2024-04-01T12:00:00+00:00'
[2024-04-01T13:00:36.699+0000] {sql.py:276} INFO - Executing: 
            CREATE TABLE IF NOT EXISTS pageview_counts (
 			pagename VARCHAR(50) NOT NULL,
 			pageviewcount INT NOT NULL,
				datetime TIMESTAMP NOT NULL);
          
[2024-04-01T13:00:36.703+0000] {base.py:83} INFO - Using connection ID 'my_postgres' for task execution.
[2024-04-01T13:00:36.708+0000] {base.py:83} INFO - Using connection ID 'my_postgres' for task execution.
[2024-04-01T13:00:36.710+0000] {sql.py:457} INFO - Running statement: 
            CREATE TABLE IF NOT EXISTS pageview_counts (
 			pagename VARCHAR(50) NOT NULL,
 			pageviewcount INT NOT NULL,
				datetime TIMESTAMP NOT NULL);
          , parameters: None
[2024-04-01T13:00:36.711+0000] {warnings.py:109} WARNING - /home/***/.local/lib/python3.8/site-packages/***/providers/common/sql/hooks/sql.py:407: AirflowProviderDeprecationWarning: Call to deprecated method _make_common_data_structure. (The `_make_serializable` method is deprecated and support will be removed in a future version of the common.sql provider. Please update the DbApiHook's provider to a version based on common.sql >= 1.9.1.)
  result = self._make_common_data_structure(handler(cur))

[2024-04-01T13:00:36.716+0000] {taskinstance.py:1149} INFO - Marking task as SUCCESS. dag_id=chapter4_stocksense_bashoperator, task_id=create_pet_table, execution_date=20240401T120000, start_date=20240401T130036, end_date=20240401T130036
[2024-04-01T13:00:36.756+0000] {local_task_job_runner.py:234} INFO - Task exited with return code 0
[2024-04-01T13:00:36.769+0000] {warnings.py:109} WARNING - /home/***/.local/lib/python3.8/site-packages/***/models/baseoperator.py:1201: AirflowProviderDeprecationWarning: Call to deprecated class PostgresOperator. (Please use `***.providers.common.sql.operators.sql.SQLExecuteQueryOperator`.Also, you can provide `hook_params={'schema': <database>}`.)
  result = cls.__new__(cls)

[2024-04-01T13:00:36.775+0000] {taskinstance.py:3312} INFO - 1 downstream tasks scheduled from follow-on schedule check
