[2024-03-31T18:02:42.130+0000] {taskinstance.py:1979} INFO - Dependencies all met for dep_context=non-requeueable deps ti=<TaskInstance: chapter4_stocksense_bashoperator.get_data scheduled__2024-03-30T01:00:00+00:00 [queued]>
[2024-03-31T18:02:42.137+0000] {taskinstance.py:1979} INFO - Dependencies all met for dep_context=requeueable deps ti=<TaskInstance: chapter4_stocksense_bashoperator.get_data scheduled__2024-03-30T01:00:00+00:00 [queued]>
[2024-03-31T18:02:42.138+0000] {taskinstance.py:2193} INFO - Starting attempt 1 of 1
[2024-03-31T18:02:42.148+0000] {taskinstance.py:2217} INFO - Executing <Task(BashOperator): get_data> on 2024-03-30 01:00:00+00:00
[2024-03-31T18:02:42.153+0000] {standard_task_runner.py:60} INFO - Started process 1774 to run task
[2024-03-31T18:02:42.156+0000] {standard_task_runner.py:87} INFO - Running: ['***', 'tasks', 'run', 'chapter4_stocksense_bashoperator', 'get_data', 'scheduled__2024-03-30T01:00:00+00:00', '--job-id', '63', '--raw', '--subdir', 'DAGS_FOLDER/pages_dag.py', '--cfg-path', '/tmp/tmpairvf2r5']
[2024-03-31T18:02:42.158+0000] {standard_task_runner.py:88} INFO - Job 63: Subtask get_data
[2024-03-31T18:02:42.196+0000] {task_command.py:423} INFO - Running <TaskInstance: chapter4_stocksense_bashoperator.get_data scheduled__2024-03-30T01:00:00+00:00 [running]> on host f8f92d4c9559
[2024-03-31T18:02:42.236+0000] {warnings.py:109} WARNING - /home/***/.local/lib/python3.8/site-packages/***/utils/context.py:207: AirflowContextDeprecationWarning: Accessing 'execution_date' from the template is deprecated and will be removed in a future version. Please use 'data_interval_start' or 'logical_date' instead.
  warnings.warn(_create_deprecation_warning(key, self._deprecation_replacements[key]))

[2024-03-31T18:02:42.259+0000] {taskinstance.py:2513} INFO - Exporting env vars: AIRFLOW_CTX_DAG_OWNER='***' AIRFLOW_CTX_DAG_ID='chapter4_stocksense_bashoperator' AIRFLOW_CTX_TASK_ID='get_data' AIRFLOW_CTX_EXECUTION_DATE='2024-03-30T01:00:00+00:00' AIRFLOW_CTX_TRY_NUMBER='1' AIRFLOW_CTX_DAG_RUN_ID='scheduled__2024-03-30T01:00:00+00:00'
[2024-03-31T18:02:42.261+0000] {subprocess.py:63} INFO - Tmp dir root location: /tmp
[2024-03-31T18:02:42.261+0000] {subprocess.py:75} INFO - Running command: ['/usr/bin/bash', '-c', 'curl -o /opt/***/wikipageviews.gz https://dumps.wikimedia.org/other/pageviews/2024/2024-pageviews-20240330-010000.gz']
[2024-03-31T18:02:42.269+0000] {subprocess.py:86} INFO - Output:
[2024-03-31T18:02:42.274+0000] {subprocess.py:93} INFO -   % Total    % Received % Xferd  Average Speed   Time    Time     Time  Current
[2024-03-31T18:02:42.275+0000] {subprocess.py:93} INFO -                                  Dload  Upload   Total   Spent    Left  Speed
[2024-03-31T18:02:42.607+0000] {subprocess.py:93} INFO -   0     0    0     0    0     0      0      0 --:--:-- --:--:-- --:--:--     0100   153  100   153    0     0    459      0 --:--:-- --:--:-- --:--:--   459
[2024-03-31T18:02:42.610+0000] {subprocess.py:97} INFO - Command exited with return code 0
[2024-03-31T18:02:42.637+0000] {taskinstance.py:1149} INFO - Marking task as SUCCESS. dag_id=chapter4_stocksense_bashoperator, task_id=get_data, execution_date=20240330T010000, start_date=20240331T180242, end_date=20240331T180242
[2024-03-31T18:02:42.689+0000] {local_task_job_runner.py:234} INFO - Task exited with return code 0
[2024-03-31T18:02:42.730+0000] {taskinstance.py:3312} INFO - 0 downstream tasks scheduled from follow-on schedule check
